<?xml version="1.0" encoding="utf-8"?><testsuites name="pytest tests"><testsuite name="pytest" errors="0" failures="0" skipped="0" tests="25" time="57.746" timestamp="2026-08-18T16:08:47.927052-04:00" hostname="DESKTOP-8V7RA5K"><testcase classname="tests.test_contradictions" name="test_micro_contradiction_with_running_process" time="0.003" /><testcase classname="tests.test_contradictions" name="test_stopped_watcher_when_not_expected_does_not_block" time="0.001" /><testcase classname="tests.test_fail_closed" name="test_missing_evidence_defaults_to_unknown" time="0.001" /><testcase classname="tests.test_fail_closed" name="test_stale_declaration_never_infers_running" time="0.001" /><testcase classname="tests.test_git" name="test_git_observer_nonexistent_repo" time="0.046" /><testcase classname="tests.test_git" name="test_remote_branch_verification_exact_ref" time="0.009" /><testcase classname="tests.test_git" name="test_read_only_git_environment_passed" time="0.090" /><testcase classname="tests.test_heartbeat" name="test_fresh_heartbeat" time="0.001" /><testcase classname="tests.test_heartbeat" name="test_stale_heartbeat" time="0.001" /><testcase classname="tests.test_heartbeat" name="test_missing_heartbeat" time="0.001" /><testcase classname="tests.test_idle_and_completed" name="test_human_decision_required" time="0.002" /><testcase classname="tests.test_idle_and_completed" name="test_project_completed" time="0.002" /><testcase classname="tests.test_idle_and_completed" name="test_project_idle_valid" time="0.001" /><testcase classname="tests.test_malformed_and_skew" name="test_malformed_json_evidence" time="0.003" /><testcase classname="tests.test_malformed_and_skew" name="test_future_clock_skew" time="0.002" /><testcase classname="tests.test_process" name="test_process_alive_detection" time="0.002" /><testcase classname="tests.test_process" name="test_process_dead_detection" time="0.001" /><testcase classname="tests.test_process" name="test_integration_dead_expected_process" time="3.230" /><testcase classname="tests.test_process" name="test_unexpected_process_running" time="0.005" /><testcase classname="tests.test_read_only_integrity" name="test_disallowed_git_commands_blocked" time="0.006" /><testcase classname="tests.test_read_only_integrity" name="test_read_only_file_access" time="0.008" /><testcase classname="tests.test_read_only_integrity" name="test_isolated_fixture_immutability" time="0.011" /><testcase classname="tests.test_remote_publication" name="test_commit_storm_prevention" time="25.451" /><testcase classname="tests.test_restart" name="test_control_plane_restart_and_audit" time="28.649" /><testcase classname="tests.test_single_instance" name="test_single_instance_lock_acquisition" time="0.012" /></testsuite></testsuites>