<?xml version="1.0" encoding="utf-8"?><testsuites name="pytest tests"><testsuite name="pytest" errors="0" failures="0" skipped="0" tests="89" time="139.707" timestamp="2026-08-19T15:06:21.369493-04:00" hostname="DESKTOP-8V7RA5K"><testcase classname="tests.test_contradictions" name="test_micro_contradiction_with_running_process" time="0.002" /><testcase classname="tests.test_contradictions" name="test_stopped_watcher_when_not_expected_does_not_block" time="0.001" /><testcase classname="tests.test_directive_channel" name="test_valid_directive_accepted" time="2.526" /><testcase classname="tests.test_directive_channel" name="test_schema_invalid_rejected" time="0.070" /><testcase classname="tests.test_directive_channel" name="test_unknown_action_rejected" time="1.946" /><testcase classname="tests.test_directive_channel" name="test_expired_directive_rejected" time="1.922" /><testcase classname="tests.test_directive_channel" name="test_future_clock_skew_rejected" time="1.968" /><testcase classname="tests.test_directive_channel" name="test_wrong_repository_rejected" time="0.111" /><testcase classname="tests.test_directive_channel" name="test_wrong_branch_rejected" time="0.150" /><testcase classname="tests.test_directive_channel" name="test_missing_commit_rejected" time="0.136" /><testcase classname="tests.test_directive_channel" name="test_content_mismatch_rejected" time="2.167" /><testcase classname="tests.test_directive_channel" name="test_replay_directive_rejected" time="2.231" /><testcase classname="tests.test_directive_channel" name="test_replay_survives_restart" time="2.084" /><testcase classname="tests.test_directive_channel" name="test_human_required_waiting_state" time="2.445" /><testcase classname="tests.test_directive_channel" name="test_disallowed_destructive_action_rejected" time="2.055" /><testcase classname="tests.test_directive_channel" name="test_real_money_directive_rejected_or_waiting_human" time="2.281" /><testcase classname="tests.test_directive_channel" name="test_directive_ack_generated" time="1.992" /><testcase classname="tests.test_directive_channel" name="test_directive_never_executes_target_mutation" time="2.115" /><testcase classname="tests.test_directive_channel" name="test_oracle_remains_unmodified" time="0.001" /><testcase classname="tests.test_directive_channel" name="test_micro_remains_unmodified" time="0.001" /><testcase classname="tests.test_directive_channel" name="test_single_daemon_still_enforced" time="0.776" /><testcase classname="tests.test_directive_channel" name="test_directive_watcher_does_not_spawn_second_daemon" time="0.634" /><testcase classname="tests.test_directive_channel" name="test_fail_closed_on_github_unavailable" time="0.139" /><testcase classname="tests.test_directive_channel" name="test_fail_closed_on_malformed_json" time="0.065" /><testcase classname="tests.test_directive_channel" name="test_provenance_fields_present" time="1.980" /><testcase classname="tests.test_directive_channel" name="test_commit_exists_but_directive_absent_rejected" time="2.156" /><testcase classname="tests.test_directive_channel" name="test_directive_commit_not_reachable_from_main_rejected" time="0.134" /><testcase classname="tests.test_directive_channel" name="test_real_committed_content_mismatch_rejected" time="1.980" /><testcase classname="tests.test_directive_channel" name="test_local_modified_copy_cannot_authenticate" time="1.895" /><testcase classname="tests.test_directive_channel" name="test_exact_committed_blob_authenticates" time="2.110" /><testcase classname="tests.test_directive_channel" name="test_waiting_human_survives_second_poll" time="2.133" /><testcase classname="tests.test_directive_channel" name="test_waiting_human_survives_restart" time="2.011" /><testcase classname="tests.test_directive_channel" name="test_waiting_human_not_classified_as_replay" time="2.258" /><testcase classname="tests.test_directive_channel" name="test_duplicate_submission_of_waiting_human_is_rejected" time="2.218" /><testcase classname="tests.test_directive_channel" name="test_accepted_queue_survives_restart" time="2.037" /><testcase classname="tests.test_directive_channel" name="test_accepted_item_not_lost_after_restart" time="2.521" /><testcase classname="tests.test_directive_channel" name="test_restart_does_not_requeue_duplicate" time="2.017" /><testcase classname="tests.test_directive_channel" name="test_queue_and_replay_ledger_consistent" time="2.074" /><testcase classname="tests.test_directive_channel" name="test_channel_status_reconstructed_after_restart" time="4.789" /><testcase classname="tests.test_directive_crypto_real" name="test_real_unsigned_commit_rejected" time="1.233" /><testcase classname="tests.test_directive_crypto_real" name="test_real_invalid_signature_rejected" time="1.073" /><testcase classname="tests.test_directive_crypto_real" name="test_real_valid_trusted_signed_commit_accepted" time="1.251" /><testcase classname="tests.test_directive_crypto_real" name="test_real_valid_untrusted_signed_commit_rejected" time="1.187" /><testcase classname="tests.test_directive_crypto_real" name="test_author_spoof_cannot_authorize" time="1.296" /><testcase classname="tests.test_directive_crypto_real" name="test_envelope_self_attestation_cannot_authorize" time="1.357" /><testcase classname="tests.test_directive_hardening" name="test_real_remote_unavailable_fail_closed" time="0.052" /><testcase classname="tests.test_directive_hardening" name="test_local_head_valid_but_remote_down_fail_closed" time="0.056" /><testcase classname="tests.test_directive_hardening" name="test_local_only_commit_rejected" time="0.061" /><testcase classname="tests.test_directive_hardening" name="test_unsigned_commit_rejected" time="2.104" /><testcase classname="tests.test_directive_hardening" name="test_signed_trusted_commit_accepted" time="2.206" /><testcase classname="tests.test_directive_hardening" name="test_signed_untrusted_commit_rejected" time="1.926" /><testcase classname="tests.test_directive_hardening" name="test_envelope_self_attestation_bypass_rejected" time="2.173" /><testcase classname="tests.test_directive_hardening" name="test_blob_absent_from_commit_but_in_worktree_rejected" time="2.387" /><testcase classname="tests.test_directive_hardening" name="test_queue_corrupted_after_restart_fail_closed" time="0.013" /><testcase classname="tests.test_directive_hardening" name="test_queue_integrity_after_restart" time="0.024" /><testcase classname="tests.test_directive_hardening" name="test_toctou_hash_mismatch_blocks_execution" time="2.794" /><testcase classname="tests.test_directive_hardening" name="test_remote_head_change_between_auth_and_execution" time="0.050" /><testcase classname="tests.test_directive_hardening" name="test_valid_directive_e2e_accepted" time="0.013" /><testcase classname="tests.test_directive_hardening" name="test_tampered_payload_rejected" time="2.220" /><testcase classname="tests.test_directive_hardening" name="test_wrong_sha256_rejected" time="2.619" /><testcase classname="tests.test_directive_hardening" name="test_wrong_blob_sha_rejected" time="2.058" /><testcase classname="tests.test_directive_hardening" name="test_invalid_signature_rejected" time="2.105" /><testcase classname="tests.test_directive_hardening" name="test_toctou_revalidation_executes_auth_meta_branch" time="0.001" /><testcase classname="tests.test_fail_closed" name="test_missing_evidence_defaults_to_unknown" time="0.001" /><testcase classname="tests.test_fail_closed" name="test_stale_declaration_never_infers_running" time="0.003" /><testcase classname="tests.test_git" name="test_git_observer_nonexistent_repo" time="0.004" /><testcase classname="tests.test_git" name="test_remote_branch_verification_exact_ref" time="0.006" /><testcase classname="tests.test_git" name="test_read_only_git_environment_passed" time="0.062" /><testcase classname="tests.test_heartbeat" name="test_fresh_heartbeat" time="0.001" /><testcase classname="tests.test_heartbeat" name="test_stale_heartbeat" time="0.001" /><testcase classname="tests.test_heartbeat" name="test_missing_heartbeat" time="0.001" /><testcase classname="tests.test_idle_and_completed" name="test_human_decision_required" time="0.001" /><testcase classname="tests.test_idle_and_completed" name="test_project_completed" time="0.001" /><testcase classname="tests.test_idle_and_completed" name="test_project_idle_valid" time="0.002" /><testcase classname="tests.test_malformed_and_skew" name="test_malformed_json_evidence" time="0.001" /><testcase classname="tests.test_malformed_and_skew" name="test_future_clock_skew" time="0.001" /><testcase classname="tests.test_process" name="test_process_alive_detection" time="0.001" /><testcase classname="tests.test_process" name="test_process_dead_detection" time="0.001" /><testcase classname="tests.test_process" name="test_integration_dead_expected_process" time="2.022" /><testcase classname="tests.test_process" name="test_unexpected_process_running" time="0.010" /><testcase classname="tests.test_read_only_integrity" name="test_disallowed_git_commands_blocked" time="0.004" /><testcase classname="tests.test_read_only_integrity" name="test_read_only_file_access" time="0.010" /><testcase classname="tests.test_read_only_integrity" name="test_isolated_fixture_immutability" time="0.012" /><testcase classname="tests.test_remote_publication" name="test_commit_storm_prevention" time="22.986" /><testcase classname="tests.test_restart" name="test_control_plane_restart_and_audit" time="16.069" /><testcase classname="tests.test_single_instance" name="test_single_instance_lock_acquisition" time="0.025" /><testcase classname="tests.test_single_instance" name="test_second_daemon_is_rejected" time="0.009" /><testcase classname="tests.test_single_instance" name="test_stale_daemon_lock_recovery" time="0.008" /><testcase classname="tests.test_single_instance" name="test_monitored_processes_never_terminated" time="7.893" /></testsuite></testsuites>