<?xml version="1.0" encoding="utf-8"?><testsuites name="pytest tests"><testsuite name="pytest" errors="0" failures="0" skipped="0" tests="83" time="168.577" timestamp="2026-08-19T12:34:07.204454-04:00" hostname="DESKTOP-8V7RA5K"><testcase classname="tests.test_contradictions" name="test_micro_contradiction_with_running_process" time="0.002" /><testcase classname="tests.test_contradictions" name="test_stopped_watcher_when_not_expected_does_not_block" time="0.001" /><testcase classname="tests.test_directive_channel" name="test_valid_directive_accepted" time="2.739" /><testcase classname="tests.test_directive_channel" name="test_schema_invalid_rejected" time="0.155" /><testcase classname="tests.test_directive_channel" name="test_unknown_action_rejected" time="2.427" /><testcase classname="tests.test_directive_channel" name="test_expired_directive_rejected" time="2.480" /><testcase classname="tests.test_directive_channel" name="test_future_clock_skew_rejected" time="3.520" /><testcase classname="tests.test_directive_channel" name="test_wrong_repository_rejected" time="0.490" /><testcase classname="tests.test_directive_channel" name="test_wrong_branch_rejected" time="0.300" /><testcase classname="tests.test_directive_channel" name="test_missing_commit_rejected" time="0.351" /><testcase classname="tests.test_directive_channel" name="test_content_mismatch_rejected" time="0.339" /><testcase classname="tests.test_directive_channel" name="test_replay_directive_rejected" time="3.282" /><testcase classname="tests.test_directive_channel" name="test_replay_survives_restart" time="2.673" /><testcase classname="tests.test_directive_channel" name="test_human_required_waiting_state" time="2.969" /><testcase classname="tests.test_directive_channel" name="test_disallowed_destructive_action_rejected" time="2.647" /><testcase classname="tests.test_directive_channel" name="test_real_money_directive_rejected_or_waiting_human" time="2.561" /><testcase classname="tests.test_directive_channel" name="test_directive_ack_generated" time="2.727" /><testcase classname="tests.test_directive_channel" name="test_directive_never_executes_target_mutation" time="3.035" /><testcase classname="tests.test_directive_channel" name="test_oracle_remains_unmodified" time="0.037" /><testcase classname="tests.test_directive_channel" name="test_micro_remains_unmodified" time="0.030" /><testcase classname="tests.test_directive_channel" name="test_single_daemon_still_enforced" time="0.020" /><testcase classname="tests.test_directive_channel" name="test_directive_watcher_does_not_spawn_second_daemon" time="0.020" /><testcase classname="tests.test_directive_channel" name="test_fail_closed_on_github_unavailable" time="0.031" /><testcase classname="tests.test_directive_channel" name="test_fail_closed_on_malformed_json" time="0.097" /><testcase classname="tests.test_directive_channel" name="test_provenance_fields_present" time="2.616" /><testcase classname="tests.test_directive_channel" name="test_commit_exists_but_directive_absent_rejected" time="2.572" /><testcase classname="tests.test_directive_channel" name="test_directive_commit_not_reachable_from_main_rejected" time="0.186" /><testcase classname="tests.test_directive_channel" name="test_real_committed_content_mismatch_rejected" time="0.163" /><testcase classname="tests.test_directive_channel" name="test_local_modified_copy_cannot_authenticate" time="0.170" /><testcase classname="tests.test_directive_channel" name="test_exact_committed_blob_authenticates" time="2.556" /><testcase classname="tests.test_directive_channel" name="test_waiting_human_survives_second_poll" time="3.165" /><testcase classname="tests.test_directive_channel" name="test_waiting_human_survives_restart" time="3.295" /><testcase classname="tests.test_directive_channel" name="test_waiting_human_not_classified_as_replay" time="2.667" /><testcase classname="tests.test_directive_channel" name="test_duplicate_submission_of_waiting_human_is_rejected" time="2.818" /><testcase classname="tests.test_directive_channel" name="test_accepted_queue_survives_restart" time="2.928" /><testcase classname="tests.test_directive_channel" name="test_accepted_item_not_lost_after_restart" time="0.097" /><testcase classname="tests.test_directive_channel" name="test_restart_does_not_requeue_duplicate" time="2.769" /><testcase classname="tests.test_directive_channel" name="test_queue_and_replay_ledger_consistent" time="2.711" /><testcase classname="tests.test_directive_channel" name="test_channel_status_reconstructed_after_restart" time="6.904" /><testcase classname="tests.test_directive_hardening" name="test_real_remote_unavailable_fail_closed" time="0.088" /><testcase classname="tests.test_directive_hardening" name="test_local_head_valid_but_remote_down_fail_closed" time="0.165" /><testcase classname="tests.test_directive_hardening" name="test_local_only_commit_rejected" time="0.078" /><testcase classname="tests.test_directive_hardening" name="test_unsigned_commit_rejected" time="2.615" /><testcase classname="tests.test_directive_hardening" name="test_signed_trusted_commit_accepted" time="5.098" /><testcase classname="tests.test_directive_hardening" name="test_signed_untrusted_commit_rejected" time="3.730" /><testcase classname="tests.test_directive_hardening" name="test_envelope_self_attestation_bypass_rejected" time="2.611" /><testcase classname="tests.test_directive_hardening" name="test_blob_absent_from_commit_but_in_worktree_rejected" time="2.268" /><testcase classname="tests.test_directive_hardening" name="test_queue_corrupted_after_restart_fail_closed" time="0.015" /><testcase classname="tests.test_directive_hardening" name="test_queue_integrity_after_restart" time="0.033" /><testcase classname="tests.test_directive_hardening" name="test_toctou_hash_mismatch_blocks_execution" time="2.394" /><testcase classname="tests.test_directive_hardening" name="test_remote_head_change_between_auth_and_execution" time="0.073" /><testcase classname="tests.test_directive_hardening" name="test_valid_directive_e2e_accepted" time="2.736" /><testcase classname="tests.test_directive_hardening" name="test_tampered_payload_rejected" time="2.549" /><testcase classname="tests.test_directive_hardening" name="test_wrong_sha256_rejected" time="2.552" /><testcase classname="tests.test_directive_hardening" name="test_wrong_blob_sha_rejected" time="2.513" /><testcase classname="tests.test_directive_hardening" name="test_invalid_signature_rejected" time="2.639" /><testcase classname="tests.test_directive_hardening" name="test_toctou_revalidation_executes_auth_meta_branch" time="0.066" /><testcase classname="tests.test_fail_closed" name="test_missing_evidence_defaults_to_unknown" time="0.001" /><testcase classname="tests.test_fail_closed" name="test_stale_declaration_never_infers_running" time="0.001" /><testcase classname="tests.test_git" name="test_git_observer_nonexistent_repo" time="0.003" /><testcase classname="tests.test_git" name="test_remote_branch_verification_exact_ref" time="0.008" /><testcase classname="tests.test_git" name="test_read_only_git_environment_passed" time="0.074" /><testcase classname="tests.test_heartbeat" name="test_fresh_heartbeat" time="0.003" /><testcase classname="tests.test_heartbeat" name="test_stale_heartbeat" time="0.001" /><testcase classname="tests.test_heartbeat" name="test_missing_heartbeat" time="0.001" /><testcase classname="tests.test_idle_and_completed" name="test_human_decision_required" time="0.000" /><testcase classname="tests.test_idle_and_completed" name="test_project_completed" time="0.000" /><testcase classname="tests.test_idle_and_completed" name="test_project_idle_valid" time="0.000" /><testcase classname="tests.test_malformed_and_skew" name="test_malformed_json_evidence" time="0.000" /><testcase classname="tests.test_malformed_and_skew" name="test_future_clock_skew" time="0.001" /><testcase classname="tests.test_process" name="test_process_alive_detection" time="0.001" /><testcase classname="tests.test_process" name="test_process_dead_detection" time="0.000" /><testcase classname="tests.test_process" name="test_integration_dead_expected_process" time="2.420" /><testcase classname="tests.test_process" name="test_unexpected_process_running" time="0.004" /><testcase classname="tests.test_read_only_integrity" name="test_disallowed_git_commands_blocked" time="0.004" /><testcase classname="tests.test_read_only_integrity" name="test_read_only_file_access" time="0.012" /><testcase classname="tests.test_read_only_integrity" name="test_isolated_fixture_immutability" time="0.017" /><testcase classname="tests.test_remote_publication" name="test_commit_storm_prevention" time="32.406" /><testcase classname="tests.test_restart" name="test_control_plane_restart_and_audit" time="22.078" /><testcase classname="tests.test_single_instance" name="test_single_instance_lock_acquisition" time="0.025" /><testcase classname="tests.test_single_instance" name="test_second_daemon_is_rejected" time="0.046" /><testcase classname="tests.test_single_instance" name="test_stale_daemon_lock_recovery" time="0.019" /><testcase classname="tests.test_single_instance" name="test_monitored_processes_never_terminated" time="10.428" /></testsuite></testsuites>